0 info it worked if it ends with ok
1 verbose cli [ 'D:\\soft\\nodejs\\node.exe',
1 verbose cli   'D:\\soft\\nodejs\\node_modules\\npm\\bin\\npm-cli.js',
1 verbose cli   'run',
1 verbose cli   'm' ]
2 info using npm@3.10.10
3 info using node@v6.9.2
4 verbose stack Error: missing script: m
4 verbose stack     at run (D:\soft\nodejs\node_modules\npm\lib\run-script.js:151:19)
4 verbose stack     at D:\soft\nodejs\node_modules\npm\lib\run-script.js:61:5
4 verbose stack     at D:\soft\nodejs\node_modules\npm\node_modules\read-package-json\read-json.js:356:5
4 verbose stack     at checkBinReferences_ (D:\soft\nodejs\node_modules\npm\node_modules\read-package-json\read-json.js:320:45)
4 verbose stack     at final (D:\soft\nodejs\node_modules\npm\node_modules\read-package-json\read-json.js:354:3)
4 verbose stack     at then (D:\soft\nodejs\node_modules\npm\node_modules\read-package-json\read-json.js:124:5)
4 verbose stack     at D:\soft\nodejs\node_modules\npm\node_modules\read-package-json\read-json.js:311:12
4 verbose stack     at D:\soft\nodejs\node_modules\npm\node_modules\graceful-fs\graceful-fs.js:78:16
4 verbose stack     at tryToString (fs.js:455:3)
4 verbose stack     at FSReqWrap.readFileAfterClose [as oncomplete] (fs.js:442:12)
5 verbose cwd D:\soft\phpStudy\WWW\study\angularJs-1-resume-ui-bootstrap2
6 error Windows_NT 10.0.14393
7 error argv "D:\\soft\\nodejs\\node.exe" "D:\\soft\\nodejs\\node_modules\\npm\\bin\\npm-cli.js" "run" "m"
8 error node v6.9.2
9 error npm  v3.10.10
10 error missing script: m
11 error If you need help, you may report this error at:
11 error     <https://github.com/npm/npm/issues>
12 verbose exit [ 1, true ]
