0 info it worked if it ends with ok
1 verbose cli [ 'D:\\soft\\nodejs\\node.exe',
1 verbose cli   'D:\\soft\\nodejs\\node_modules\\npm\\bin\\npm-cli.js',
1 verbose cli   'run',
1 verbose cli   's' ]
2 info using npm@3.10.10
3 info using node@v6.9.2
4 verbose run-script [ 'pres', 's', 'posts' ]
5 info lifecycle service@1.0.0~pres: service@1.0.0
6 silly lifecycle service@1.0.0~pres: no script for pres, continuing
7 info lifecycle service@1.0.0~s: service@1.0.0
8 verbose lifecycle service@1.0.0~s: unsafe-perm in lifecycle true
9 verbose lifecycle service@1.0.0~s: PATH: D:\soft\nodejs\node_modules\npm\bin\node-gyp-bin;D:\soft\phpStudy\WWW\study\angularJs-1-resume-ui-bootstrap2\service\node_modules\.bin;C:\ProgramData\Oracle\Java\javapath;C:\WINDOWS\system32;C:\WINDOWS;C:\WINDOWS\System32\Wbem;C:\WINDOWS\System32\WindowsPowerShell\v1.0\;C:\Program Files\Intel\WiFi\bin\;C:\Program Files\Common Files\Intel\WirelessCommon\;C:\Program Files (x86)\NVIDIA Corporation\PhysX\Common;D:\soft\TortoiseSVN 1.9.4.27285 64bit\bin;D:\soft\Git\cmd;D:\soft\TortoiseGit 2.1.0.0 64bit\bin;D:\soft\VisualSVN Server\bin;C:\WINDOWS\system32;C:\WINDOWS;C:\WINDOWS\System32\Wbem;C:\WINDOWS\System32\WindowsPowerShell\v1.0\;D:\soft\bin;D:\soft\nodejs\;D:\soft\Ruby22\bin;C:\Program Files\Intel\WiFi\bin\;C:\Program Files\Common Files\Intel\WirelessCommon\;C:\Users\Administrator\AppData\Local\Microsoft\WindowsApps;C:\Users\Administrator\AppData\Roaming\npm
10 verbose lifecycle service@1.0.0~s: CWD: D:\soft\phpStudy\WWW\study\angularJs-1-resume-ui-bootstrap2\service
11 silly lifecycle service@1.0.0~s: Args: [ '/d /s /c', 'supervisor --harmony service.js' ]
12 silly lifecycle service@1.0.0~s: Returned: code: 3221225786  signal: null
13 info lifecycle service@1.0.0~s: Failed to exec s script
14 verbose stack Error: service@1.0.0 s: `supervisor --harmony service.js`
14 verbose stack Exit status 3221225786
14 verbose stack     at EventEmitter.<anonymous> (D:\soft\nodejs\node_modules\npm\lib\utils\lifecycle.js:255:16)
14 verbose stack     at emitTwo (events.js:106:13)
14 verbose stack     at EventEmitter.emit (events.js:191:7)
14 verbose stack     at ChildProcess.<anonymous> (D:\soft\nodejs\node_modules\npm\lib\utils\spawn.js:40:14)
14 verbose stack     at emitTwo (events.js:106:13)
14 verbose stack     at ChildProcess.emit (events.js:191:7)
14 verbose stack     at maybeClose (internal/child_process.js:877:16)
14 verbose stack     at Process.ChildProcess._handle.onexit (internal/child_process.js:226:5)
15 verbose pkgid service@1.0.0
16 verbose cwd D:\soft\phpStudy\WWW\study\angularJs-1-resume-ui-bootstrap2\service
17 error Windows_NT 10.0.14393
18 error argv "D:\\soft\\nodejs\\node.exe" "D:\\soft\\nodejs\\node_modules\\npm\\bin\\npm-cli.js" "run" "s"
19 error node v6.9.2
20 error npm  v3.10.10
21 error code ELIFECYCLE
22 error service@1.0.0 s: `supervisor --harmony service.js`
22 error Exit status 3221225786
23 error Failed at the service@1.0.0 s script 'supervisor --harmony service.js'.
23 error Make sure you have the latest version of node.js and npm installed.
23 error If you do, this is most likely a problem with the service package,
23 error not with npm itself.
23 error Tell the author that this fails on your system:
23 error     supervisor --harmony service.js
23 error You can get information on how to open an issue for this project with:
23 error     npm bugs service
23 error Or if that isn't available, you can get their info via:
23 error     npm owner ls service
23 error There is likely additional logging output above.
24 verbose exit [ 1, true ]
